Analysis & Synthesis report for DE1_SoC
Fri Oct 27 14:20:28 2017
Quartus II 64-Bit Version 14.0.0 Build 200 06/17/2014 SJ Web Edition


---------------------
; Table of Contents ;
---------------------
  1. Legal Notice
  2. Analysis & Synthesis Summary
  3. Analysis & Synthesis Settings
  4. Parallel Compilation
  5. Analysis & Synthesis Source Files Read
  6. Analysis & Synthesis Resource Usage Summary
  7. Analysis & Synthesis Resource Utilization by Entity
  8. State Machine - |DE1_SoC|SystemInterface:sInterface|DepartureWorkflow:departureWorkflow|ps
  9. State Machine - |DE1_SoC|SystemInterface:sInterface|ArrivalWorkflow:arrivalWorkflow|ps
 10. State Machine - |DE1_SoC|SystemInterface:sInterface|Door:od|RegisterSignal:register|ps
 11. State Machine - |DE1_SoC|SystemInterface:sInterface|Door:id|RegisterSignal:register|ps
 12. Registers Removed During Synthesis
 13. General Register Statistics
 14. Inverted Register Statistics
 15. Multiplexer Restructuring Statistics (Restructuring Performed)
 16. Parameter Settings for User Entity Instance: Top-level Entity: |DE1_SoC
 17. Parameter Settings for User Entity Instance: SystemInterface:sInterface|Door:id|RegisterSignal:register
 18. Parameter Settings for User Entity Instance: SystemInterface:sInterface|Door:od|RegisterSignal:register
 19. Parameter Settings for User Entity Instance: SystemInterface:sInterface|ArrivalWorkflow:arrivalWorkflow
 20. Parameter Settings for User Entity Instance: SystemInterface:sInterface|DepartureWorkflow:departureWorkflow
 21. Port Connectivity Checks: "con8to12:convertFiveToBCD"
 22. Port Connectivity Checks: "clock_divider:cdiv"
 23. Post-Synthesis Netlist Statistics for Top Partition
 24. Elapsed Time Per Partition
 25. Analysis & Synthesis Messages
 26. Analysis & Synthesis Suppressed Messages



----------------
; Legal Notice ;
----------------
Copyright (C) 1991-2014 Altera Corporation. All rights reserved.
Your use of Altera Corporation's design tools, logic functions 
and other software and tools, and its AMPP partner logic 
functions, and any output files from any of the foregoing 
(including device programming or simulation files), and any 
associated documentation or information are expressly subject 
to the terms and conditions of the Altera Program License 
Subscription Agreement, the Altera Quartus II License Agreement,
the Altera MegaCore Function License Agreement, or other 
applicable license agreement, including, without limitation, 
that your use is for the sole purpose of programming logic 
devices manufactured by Altera and sold by Altera or its 
authorized distributors.  Please refer to the applicable 
agreement for further details.



+------------------------------------------------------------------------------+
; Analysis & Synthesis Summary                                                 ;
+---------------------------------+--------------------------------------------+
; Analysis & Synthesis Status     ; Successful - Fri Oct 27 14:20:28 2017      ;
; Quartus II 64-Bit Version       ; 14.0.0 Build 200 06/17/2014 SJ Web Edition ;
; Revision Name                   ; DE1_SoC                                    ;
; Top-level Entity Name           ; DE1_SoC                                    ;
; Family                          ; Cyclone V                                  ;
; Logic utilization (in ALMs)     ; N/A                                        ;
; Total registers                 ; 72                                         ;
; Total pins                      ; 67                                         ;
; Total virtual pins              ; 0                                          ;
; Total block memory bits         ; 0                                          ;
; Total DSP Blocks                ; 0                                          ;
; Total HSSI RX PCSs              ; 0                                          ;
; Total HSSI PMA RX Deserializers ; 0                                          ;
; Total HSSI TX PCSs              ; 0                                          ;
; Total HSSI PMA TX Serializers   ; 0                                          ;
; Total PLLs                      ; 0                                          ;
; Total DLLs                      ; 0                                          ;
+---------------------------------+--------------------------------------------+


+---------------------------------------------------------------------------------------------------------------------------+
; Analysis & Synthesis Settings                                                                                             ;
+---------------------------------------------------------------------------------+--------------------+--------------------+
; Option                                                                          ; Setting            ; Default Value      ;
+---------------------------------------------------------------------------------+--------------------+--------------------+
; Device                                                                          ; 5CSEMA5F31C6       ;                    ;
; Top-level entity name                                                           ; DE1_SoC            ; DE1_SoC            ;
; Family name                                                                     ; Cyclone V          ; Cyclone IV GX      ;
; State Machine Processing                                                        ; User-Encoded       ; Auto               ;
; Use smart compilation                                                           ; Off                ; Off                ;
; Enable parallel Assembler and TimeQuest Timing Analyzer during compilation      ; On                 ; On                 ;
; Enable compact report table                                                     ; Off                ; Off                ;
; Restructure Multiplexers                                                        ; Auto               ; Auto               ;
; MLAB Add Timing Constraints For Mixed-Port Feed-Through Mode Setting Don't Care ; Off                ; Off                ;
; Create Debugging Nodes for IP Cores                                             ; Off                ; Off                ;
; Preserve fewer node names                                                       ; On                 ; On                 ;
; Disable OpenCore Plus hardware evaluation                                       ; Off                ; Off                ;
; Verilog Version                                                                 ; Verilog_2001       ; Verilog_2001       ;
; VHDL Version                                                                    ; VHDL_1993          ; VHDL_1993          ;
; Safe State Machine                                                              ; Off                ; Off                ;
; Extract Verilog State Machines                                                  ; On                 ; On                 ;
; Extract VHDL State Machines                                                     ; On                 ; On                 ;
; Ignore Verilog initial constructs                                               ; Off                ; Off                ;
; Iteration limit for constant Verilog loops                                      ; 5000               ; 5000               ;
; Iteration limit for non-constant Verilog loops                                  ; 250                ; 250                ;
; Add Pass-Through Logic to Inferred RAMs                                         ; On                 ; On                 ;
; Infer RAMs from Raw Logic                                                       ; On                 ; On                 ;
; Parallel Synthesis                                                              ; On                 ; On                 ;
; DSP Block Balancing                                                             ; Auto               ; Auto               ;
; NOT Gate Push-Back                                                              ; On                 ; On                 ;
; Power-Up Don't Care                                                             ; On                 ; On                 ;
; Remove Redundant Logic Cells                                                    ; Off                ; Off                ;
; Remove Duplicate Registers                                                      ; On                 ; On                 ;
; Ignore CARRY Buffers                                                            ; Off                ; Off                ;
; Ignore CASCADE Buffers                                                          ; Off                ; Off                ;
; Ignore GLOBAL Buffers                                                           ; Off                ; Off                ;
; Ignore ROW GLOBAL Buffers                                                       ; Off                ; Off                ;
; Ignore LCELL Buffers                                                            ; Off                ; Off                ;
; Ignore SOFT Buffers                                                             ; On                 ; On                 ;
; Limit AHDL Integers to 32 Bits                                                  ; Off                ; Off                ;
; Optimization Technique                                                          ; Balanced           ; Balanced           ;
; Carry Chain Length                                                              ; 70                 ; 70                 ;
; Auto Carry Chains                                                               ; On                 ; On                 ;
; Auto Open-Drain Pins                                                            ; On                 ; On                 ;
; Perform WYSIWYG Primitive Resynthesis                                           ; Off                ; Off                ;
; Auto ROM Replacement                                                            ; On                 ; On                 ;
; Auto RAM Replacement                                                            ; On                 ; On                 ;
; Auto DSP Block Replacement                                                      ; On                 ; On                 ;
; Auto Shift Register Replacement                                                 ; Auto               ; Auto               ;
; Allow Shift Register Merging across Hierarchies                                 ; Auto               ; Auto               ;
; Auto Clock Enable Replacement                                                   ; On                 ; On                 ;
; Strict RAM Replacement                                                          ; Off                ; Off                ;
; Allow Synchronous Control Signals                                               ; On                 ; On                 ;
; Force Use of Synchronous Clear Signals                                          ; Off                ; Off                ;
; Auto Resource Sharing                                                           ; Off                ; Off                ;
; Allow Any RAM Size For Recognition                                              ; Off                ; Off                ;
; Allow Any ROM Size For Recognition                                              ; Off                ; Off                ;
; Allow Any Shift Register Size For Recognition                                   ; Off                ; Off                ;
; Use LogicLock Constraints during Resource Balancing                             ; On                 ; On                 ;
; Ignore translate_off and synthesis_off directives                               ; Off                ; Off                ;
; Timing-Driven Synthesis                                                         ; On                 ; On                 ;
; Report Parameter Settings                                                       ; On                 ; On                 ;
; Report Source Assignments                                                       ; On                 ; On                 ;
; Report Connectivity Checks                                                      ; On                 ; On                 ;
; Ignore Maximum Fan-Out Assignments                                              ; Off                ; Off                ;
; Synchronization Register Chain Length                                           ; 3                  ; 3                  ;
; PowerPlay Power Optimization                                                    ; Normal compilation ; Normal compilation ;
; HDL message level                                                               ; Level2             ; Level2             ;
; Suppress Register Optimization Related Messages                                 ; Off                ; Off                ;
; Number of Removed Registers Reported in Synthesis Report                        ; 5000               ; 5000               ;
; Number of Swept Nodes Reported in Synthesis Report                              ; 5000               ; 5000               ;
; Number of Inverted Registers Reported in Synthesis Report                       ; 100                ; 100                ;
; Clock MUX Protection                                                            ; On                 ; On                 ;
; Auto Gated Clock Conversion                                                     ; Off                ; Off                ;
; Block Design Naming                                                             ; Auto               ; Auto               ;
; SDC constraint protection                                                       ; Off                ; Off                ;
; Synthesis Effort                                                                ; Auto               ; Auto               ;
; Shift Register Replacement - Allow Asynchronous Clear Signal                    ; On                 ; On                 ;
; Pre-Mapping Resynthesis Optimization                                            ; Off                ; Off                ;
; Analysis & Synthesis Message Level                                              ; Medium             ; Medium             ;
; Disable Register Merging Across Hierarchies                                     ; Auto               ; Auto               ;
; Resource Aware Inference For Block RAM                                          ; On                 ; On                 ;
; Synthesis Seed                                                                  ; 1                  ; 1                  ;
; Automatic Parallel Synthesis                                                    ; On                 ; On                 ;
; Partial Reconfiguration Bitstream ID                                            ; Off                ; Off                ;
+---------------------------------------------------------------------------------+--------------------+--------------------+


+------------------------------------------+
; Parallel Compilation                     ;
+----------------------------+-------------+
; Processors                 ; Number      ;
+----------------------------+-------------+
; Number detected on machine ; 4           ;
; Maximum allowed            ; 2           ;
;                            ;             ;
; Average used               ; 1.00        ;
; Maximum used               ; 1           ;
;                            ;             ;
; Usage by Processor         ; % Time Used ;
;     Processor 1            ; 100.0%      ;
;     Processors 2-4         ;   0.0%      ;
+----------------------------+-------------+


+-----------------------------------------------------------------------------------------------------------------------------------------------------------------------------------------------------------+
; Analysis & Synthesis Source Files Read                                                                                                                                                                    ;
+----------------------------------+-----------------+------------------------+-------------------------------------------------------------------------------------------------------------------+---------+
; File Name with User-Entered Path ; Used in Netlist ; File Type              ; File Name with Absolute Path                                                                                      ; Library ;
+----------------------------------+-----------------+------------------------+-------------------------------------------------------------------------------------------------------------------+---------+
; FiveCounter.v                    ; yes             ; User Verilog HDL File  ; C:/Users/pawns/Documents/University of Washington/CSE/CSE_371/EE371/Project2/QuartusInterlock/FiveCounter.v       ;         ;
; con8to12.v                       ; yes             ; User Verilog HDL File  ; C:/Users/pawns/Documents/University of Washington/CSE/CSE_371/EE371/Project2/QuartusInterlock/con8to12.v          ;         ;
; SystemInterface.v                ; yes             ; User Verilog HDL File  ; C:/Users/pawns/Documents/University of Washington/CSE/CSE_371/EE371/Project2/QuartusInterlock/SystemInterface.v   ;         ;
; SevenCounter.v                   ; yes             ; User Verilog HDL File  ; C:/Users/pawns/Documents/University of Washington/CSE/CSE_371/EE371/Project2/QuartusInterlock/SevenCounter.v      ;         ;
; RegisterSignal.v                 ; yes             ; User Verilog HDL File  ; C:/Users/pawns/Documents/University of Washington/CSE/CSE_371/EE371/Project2/QuartusInterlock/RegisterSignal.v    ;         ;
; Pressure.v                       ; yes             ; User Verilog HDL File  ; C:/Users/pawns/Documents/University of Washington/CSE/CSE_371/EE371/Project2/QuartusInterlock/Pressure.v          ;         ;
; EightCounter.v                   ; yes             ; User Verilog HDL File  ; C:/Users/pawns/Documents/University of Washington/CSE/CSE_371/EE371/Project2/QuartusInterlock/EightCounter.v      ;         ;
; Door.v                           ; yes             ; User Verilog HDL File  ; C:/Users/pawns/Documents/University of Washington/CSE/CSE_371/EE371/Project2/QuartusInterlock/Door.v              ;         ;
; ArrivalWorkflow.v                ; yes             ; User Verilog HDL File  ; C:/Users/pawns/Documents/University of Washington/CSE/CSE_371/EE371/Project2/QuartusInterlock/ArrivalWorkflow.v   ;         ;
; DE1_SoC.v                        ; yes             ; User Verilog HDL File  ; C:/Users/pawns/Documents/University of Washington/CSE/CSE_371/EE371/Project2/QuartusInterlock/DE1_SoC.v           ;         ;
; SevenSeg.v                       ; yes             ; User Verilog HDL File  ; C:/Users/pawns/Documents/University of Washington/CSE/CSE_371/EE371/Project2/QuartusInterlock/SevenSeg.v          ;         ;
; DepartureWorkflow.v              ; yes             ; User Verilog HDL File  ; C:/Users/pawns/Documents/University of Washington/CSE/CSE_371/EE371/Project2/QuartusInterlock/DepartureWorkflow.v ;         ;
; MinuteCounter.v                  ; yes             ; User Verilog HDL File  ; C:/Users/pawns/Documents/University of Washington/CSE/CSE_371/EE371/Project2/QuartusInterlock/MinuteCounter.v     ;         ;
+----------------------------------+-----------------+------------------------+-------------------------------------------------------------------------------------------------------------------+---------+


+-------------------------------------------------------------------------------------+
; Analysis & Synthesis Resource Usage Summary                                         ;
+---------------------------------------------+---------------------------------------+
; Resource                                    ; Usage                                 ;
+---------------------------------------------+---------------------------------------+
; Estimate of Logic utilization (ALMs needed) ; 122                                   ;
;                                             ;                                       ;
; Combinational ALUT usage for logic          ; 193                                   ;
;     -- 7 input functions                    ; 4                                     ;
;     -- 6 input functions                    ; 46                                    ;
;     -- 5 input functions                    ; 24                                    ;
;     -- 4 input functions                    ; 43                                    ;
;     -- <=3 input functions                  ; 76                                    ;
;                                             ;                                       ;
; Dedicated logic registers                   ; 72                                    ;
;                                             ;                                       ;
; I/O pins                                    ; 67                                    ;
; Total DSP Blocks                            ; 0                                     ;
; Maximum fan-out node                        ; clock_divider:cdiv|divided_clocks[14] ;
; Maximum fan-out                             ; 58                                    ;
; Total fan-out                               ; 1081                                  ;
; Average fan-out                             ; 2.71                                  ;
+---------------------------------------------+---------------------------------------+


+------------------------------------------------------------------------------------------------------------------------------------------------------------------------------------------------------------------------------------------+
; Analysis & Synthesis Resource Utilization by Entity                                                                                                                                                                                      ;
+---------------------------------------------+-------------------+--------------+-------------------+------------+------+--------------+-----------------------------------------------------------------------------------+--------------+
; Compilation Hierarchy Node                  ; LC Combinationals ; LC Registers ; Block Memory Bits ; DSP Blocks ; Pins ; Virtual Pins ; Full Hierarchy Name                                                               ; Library Name ;
+---------------------------------------------+-------------------+--------------+-------------------+------------+------+--------------+-----------------------------------------------------------------------------------+--------------+
; |DE1_SoC                                    ; 193 (0)           ; 72 (0)       ; 0                 ; 0          ; 67   ; 0            ; |DE1_SoC                                                                          ; work         ;
;    |SevenSeg:seg0|                          ; 6 (6)             ; 0 (0)        ; 0                 ; 0          ; 0    ; 0            ; |DE1_SoC|SevenSeg:seg0                                                            ; work         ;
;    |SevenSeg:seg1|                          ; 7 (7)             ; 0 (0)        ; 0                 ; 0          ; 0    ; 0            ; |DE1_SoC|SevenSeg:seg1                                                            ; work         ;
;    |SevenSeg:seg2|                          ; 7 (7)             ; 0 (0)        ; 0                 ; 0          ; 0    ; 0            ; |DE1_SoC|SevenSeg:seg2                                                            ; work         ;
;    |SevenSeg:seg3|                          ; 3 (3)             ; 0 (0)        ; 0                 ; 0          ; 0    ; 0            ; |DE1_SoC|SevenSeg:seg3                                                            ; work         ;
;    |SystemInterface:sInterface|             ; 145 (3)           ; 57 (0)       ; 0                 ; 0          ; 0    ; 0            ; |DE1_SoC|SystemInterface:sInterface                                               ; work         ;
;       |ArrivalWorkflow:arrivalWorkflow|     ; 26 (26)           ; 6 (6)        ; 0                 ; 0          ; 0    ; 0            ; |DE1_SoC|SystemInterface:sInterface|ArrivalWorkflow:arrivalWorkflow               ; work         ;
;       |DepartureWorkflow:departureWorkflow| ; 48 (48)           ; 7 (7)        ; 0                 ; 0          ; 0    ; 0            ; |DE1_SoC|SystemInterface:sInterface|DepartureWorkflow:departureWorkflow           ; work         ;
;       |Door:id|                             ; 5 (2)             ; 4 (1)        ; 0                 ; 0          ; 0    ; 0            ; |DE1_SoC|SystemInterface:sInterface|Door:id                                       ; work         ;
;          |RegisterSignal:register|          ; 3 (3)             ; 3 (3)        ; 0                 ; 0          ; 0    ; 0            ; |DE1_SoC|SystemInterface:sInterface|Door:id|RegisterSignal:register               ; work         ;
;       |Door:od|                             ; 5 (2)             ; 4 (1)        ; 0                 ; 0          ; 0    ; 0            ; |DE1_SoC|SystemInterface:sInterface|Door:od                                       ; work         ;
;          |RegisterSignal:register|          ; 3 (3)             ; 3 (3)        ; 0                 ; 0          ; 0    ; 0            ; |DE1_SoC|SystemInterface:sInterface|Door:od|RegisterSignal:register               ; work         ;
;       |FiveCounter:fiveCounter|             ; 19 (8)            ; 14 (6)       ; 0                 ; 0          ; 0    ; 0            ; |DE1_SoC|SystemInterface:sInterface|FiveCounter:fiveCounter                       ; work         ;
;          |MinuteCounter:counter|            ; 11 (11)           ; 8 (8)        ; 0                 ; 0          ; 0    ; 0            ; |DE1_SoC|SystemInterface:sInterface|FiveCounter:fiveCounter|MinuteCounter:counter ; work         ;
;       |Pressure:pressureTracker|            ; 39 (16)           ; 22 (8)       ; 0                 ; 0          ; 0    ; 0            ; |DE1_SoC|SystemInterface:sInterface|Pressure:pressureTracker                      ; work         ;
;          |EightCounter:eight|               ; 11 (11)           ; 7 (7)        ; 0                 ; 0          ; 0    ; 0            ; |DE1_SoC|SystemInterface:sInterface|Pressure:pressureTracker|EightCounter:eight   ; work         ;
;          |SevenCounter:seven|               ; 12 (12)           ; 7 (7)        ; 0                 ; 0          ; 0    ; 0            ; |DE1_SoC|SystemInterface:sInterface|Pressure:pressureTracker|SevenCounter:seven   ; work         ;
;    |clock_divider:cdiv|                     ; 15 (15)           ; 15 (15)      ; 0                 ; 0          ; 0    ; 0            ; |DE1_SoC|clock_divider:cdiv                                                       ; work         ;
;    |con8to12:convertToBCD|                  ; 10 (10)           ; 0 (0)        ; 0                 ; 0          ; 0    ; 0            ; |DE1_SoC|con8to12:convertToBCD                                                    ; work         ;
+---------------------------------------------+-------------------+--------------+-------------------+------------+------+--------------+-----------------------------------------------------------------------------------+--------------+
Note: For table entries with two numbers listed, the numbers in parentheses indicate the number of resources of the given type used by the specific entity alone. The numbers listed outside of parentheses indicate the total resources of the given type used by the specific entity and all of its sub-entities in the hierarchy.


Encoding Type:  User-Encoded
+--------------------------------------------------------------------------------------------+
; State Machine - |DE1_SoC|SystemInterface:sInterface|DepartureWorkflow:departureWorkflow|ps ;
+------+------+------+------+----------------------------------------------------------------+
; Name ; ps~7 ; ps~6 ; ps~5 ; ps~4                                                           ;
+------+------+------+------+----------------------------------------------------------------+
; ps.A ; 0    ; 0    ; 0    ; 0                                                              ;
; ps.B ; 0    ; 0    ; 0    ; 1                                                              ;
; ps.C ; 0    ; 0    ; 1    ; 0                                                              ;
; ps.D ; 0    ; 0    ; 1    ; 1                                                              ;
; ps.E ; 0    ; 1    ; 0    ; 0                                                              ;
; ps.F ; 0    ; 1    ; 0    ; 1                                                              ;
; ps.G ; 0    ; 1    ; 1    ; 0                                                              ;
; ps.H ; 0    ; 1    ; 1    ; 1                                                              ;
; ps.I ; 1    ; 0    ; 0    ; 0                                                              ;
; ps.J ; 1    ; 0    ; 0    ; 1                                                              ;
+------+------+------+------+----------------------------------------------------------------+


Encoding Type:  User-Encoded
+----------------------------------------------------------------------------------------+
; State Machine - |DE1_SoC|SystemInterface:sInterface|ArrivalWorkflow:arrivalWorkflow|ps ;
+------+------+------+-------------------------------------------------------------------+
; Name ; ps~6 ; ps~5 ; ps~4                                                              ;
+------+------+------+-------------------------------------------------------------------+
; ps.A ; 0    ; 0    ; 0                                                                 ;
; ps.B ; 0    ; 0    ; 1                                                                 ;
; ps.C ; 0    ; 1    ; 0                                                                 ;
; ps.D ; 0    ; 1    ; 1                                                                 ;
; ps.E ; 1    ; 0    ; 0                                                                 ;
; ps.F ; 1    ; 0    ; 1                                                                 ;
; ps.G ; 1    ; 1    ; 0                                                                 ;
+------+------+------+-------------------------------------------------------------------+


Encoding Type:  User-Encoded
+----------------------------------------------------------------------------------------+
; State Machine - |DE1_SoC|SystemInterface:sInterface|Door:od|RegisterSignal:register|ps ;
+------+------+--------------------------------------------------------------------------+
; Name ; ps~6 ; ps~5                                                                     ;
+------+------+--------------------------------------------------------------------------+
; ps.A ; 0    ; 0                                                                        ;
; ps.B ; 0    ; 1                                                                        ;
; ps.C ; 1    ; 0                                                                        ;
+------+------+--------------------------------------------------------------------------+


Encoding Type:  User-Encoded
+----------------------------------------------------------------------------------------+
; State Machine - |DE1_SoC|SystemInterface:sInterface|Door:id|RegisterSignal:register|ps ;
+------+------+--------------------------------------------------------------------------+
; Name ; ps~6 ; ps~5                                                                     ;
+------+------+--------------------------------------------------------------------------+
; ps.A ; 0    ; 0                                                                        ;
; ps.B ; 0    ; 1                                                                        ;
; ps.C ; 1    ; 0                                                                        ;
+------+------+--------------------------------------------------------------------------+


+----------------------------------------------------------------+
; Registers Removed During Synthesis                             ;
+-------------------------------------------+--------------------+
; Register name                             ; Reason for Removal ;
+-------------------------------------------+--------------------+
; clock_divider:cdiv|divided_clocks[15..31] ; Lost fanout        ;
; Total Number of Removed Registers = 17    ;                    ;
+-------------------------------------------+--------------------+


+------------------------------------------------------+
; General Register Statistics                          ;
+----------------------------------------------+-------+
; Statistic                                    ; Value ;
+----------------------------------------------+-------+
; Total registers                              ; 72    ;
; Number of registers using Synchronous Clear  ; 8     ;
; Number of registers using Synchronous Load   ; 0     ;
; Number of registers using Asynchronous Clear ; 57    ;
; Number of registers using Asynchronous Load  ; 0     ;
; Number of registers using Clock Enable       ; 10    ;
; Number of registers using Preset             ; 0     ;
+----------------------------------------------+-------+


+---------------------------------------------------------------------------+
; Inverted Register Statistics                                              ;
+-----------------------------------------------------------------+---------+
; Inverted Register                                               ; Fan out ;
+-----------------------------------------------------------------+---------+
; SystemInterface:sInterface|Pressure:pressureTracker|pressure[3] ; 18      ;
; SystemInterface:sInterface|Pressure:pressureTracker|pressure[7] ; 17      ;
; SystemInterface:sInterface|Pressure:pressureTracker|pressure[6] ; 22      ;
; SystemInterface:sInterface|Door:id|isClosed                     ; 12      ;
; SystemInterface:sInterface|Door:od|isClosed                     ; 12      ;
; Total number of inverted registers = 5                          ;         ;
+-----------------------------------------------------------------+---------+


+------------------------------------------------------------------------------------------------------------------------------------------------------------------------------------------+
; Multiplexer Restructuring Statistics (Restructuring Performed)                                                                                                                           ;
+--------------------+-----------+---------------+----------------------+------------------------+------------+----------------------------------------------------------------------------+
; Multiplexer Inputs ; Bus Width ; Baseline Area ; Area if Restructured ; Saving if Restructured ; Registered ; Example Multiplexer Output                                                 ;
+--------------------+-----------+---------------+----------------------+------------------------+------------+----------------------------------------------------------------------------+
; 3:1                ; 3 bits    ; 6 LEs         ; 3 LEs                ; 3 LEs                  ; Yes        ; |DE1_SoC|SystemInterface:sInterface|FiveCounter:fiveCounter|count[4]       ;
; 3:1                ; 3 bits    ; 6 LEs         ; 3 LEs                ; 3 LEs                  ; Yes        ; |DE1_SoC|SystemInterface:sInterface|FiveCounter:fiveCounter|count[3]       ;
; 5:1                ; 5 bits    ; 15 LEs        ; 5 LEs                ; 10 LEs                 ; Yes        ; |DE1_SoC|SystemInterface:sInterface|Pressure:pressureTracker|pressure[0]   ;
; 5:1                ; 3 bits    ; 9 LEs         ; 3 LEs                ; 6 LEs                  ; Yes        ; |DE1_SoC|SystemInterface:sInterface|Pressure:pressureTracker|pressure[3]   ;
; 4:1                ; 2 bits    ; 4 LEs         ; 4 LEs                ; 0 LEs                  ; No         ; |DE1_SoC|SystemInterface:sInterface|Door:od|RegisterSignal:register|ps     ;
; 4:1                ; 2 bits    ; 4 LEs         ; 4 LEs                ; 0 LEs                  ; No         ; |DE1_SoC|SystemInterface:sInterface|Door:id|RegisterSignal:register|ps     ;
; 8:1                ; 5 bits    ; 25 LEs        ; 25 LEs               ; 0 LEs                  ; No         ; |DE1_SoC|SystemInterface:sInterface|ArrivalWorkflow:arrivalWorkflow|ps     ;
; 8:1                ; 2 bits    ; 10 LEs        ; 10 LEs               ; 0 LEs                  ; No         ; |DE1_SoC|SystemInterface:sInterface|ArrivalWorkflow:arrivalWorkflow|ps     ;
; 11:1               ; 8 bits    ; 56 LEs        ; 56 LEs               ; 0 LEs                  ; No         ; |DE1_SoC|SystemInterface:sInterface|DepartureWorkflow:departureWorkflow|ps ;
; 11:1               ; 2 bits    ; 14 LEs        ; 14 LEs               ; 0 LEs                  ; No         ; |DE1_SoC|SystemInterface:sInterface|DepartureWorkflow:departureWorkflow|ps ;
+--------------------+-----------+---------------+----------------------+------------------------+------------+----------------------------------------------------------------------------+


+-------------------------------------------------------------------------+
; Parameter Settings for User Entity Instance: Top-level Entity: |DE1_SoC ;
+----------------+-------+------------------------------------------------+
; Parameter Name ; Value ; Type                                           ;
+----------------+-------+------------------------------------------------+
; whichClock     ; 14    ; Signed Integer                                 ;
+----------------+-------+------------------------------------------------+
Note: In order to hide this table in the UI and the text report file, please set the "Show Parameter Settings in Synthesis Report" option in "Analysis and Synthesis Settings -> More Settings" to "Off".


+---------------------------------------------------------------------------------------------------------+
; Parameter Settings for User Entity Instance: SystemInterface:sInterface|Door:id|RegisterSignal:register ;
+----------------+-------+--------------------------------------------------------------------------------+
; Parameter Name ; Value ; Type                                                                           ;
+----------------+-------+--------------------------------------------------------------------------------+
; A              ; 00    ; Unsigned Binary                                                                ;
; B              ; 01    ; Unsigned Binary                                                                ;
; C              ; 10    ; Unsigned Binary                                                                ;
+----------------+-------+--------------------------------------------------------------------------------+
Note: In order to hide this table in the UI and the text report file, please set the "Show Parameter Settings in Synthesis Report" option in "Analysis and Synthesis Settings -> More Settings" to "Off".


+---------------------------------------------------------------------------------------------------------+
; Parameter Settings for User Entity Instance: SystemInterface:sInterface|Door:od|RegisterSignal:register ;
+----------------+-------+--------------------------------------------------------------------------------+
; Parameter Name ; Value ; Type                                                                           ;
+----------------+-------+--------------------------------------------------------------------------------+
; A              ; 00    ; Unsigned Binary                                                                ;
; B              ; 01    ; Unsigned Binary                                                                ;
; C              ; 10    ; Unsigned Binary                                                                ;
+----------------+-------+--------------------------------------------------------------------------------+
Note: In order to hide this table in the UI and the text report file, please set the "Show Parameter Settings in Synthesis Report" option in "Analysis and Synthesis Settings -> More Settings" to "Off".


+---------------------------------------------------------------------------------------------------------+
; Parameter Settings for User Entity Instance: SystemInterface:sInterface|ArrivalWorkflow:arrivalWorkflow ;
+----------------+-------+--------------------------------------------------------------------------------+
; Parameter Name ; Value ; Type                                                                           ;
+----------------+-------+--------------------------------------------------------------------------------+
; A              ; 000   ; Unsigned Binary                                                                ;
; B              ; 001   ; Unsigned Binary                                                                ;
; C              ; 010   ; Unsigned Binary                                                                ;
; D              ; 011   ; Unsigned Binary                                                                ;
; E              ; 100   ; Unsigned Binary                                                                ;
; F              ; 101   ; Unsigned Binary                                                                ;
; G              ; 110   ; Unsigned Binary                                                                ;
+----------------+-------+--------------------------------------------------------------------------------+
Note: In order to hide this table in the UI and the text report file, please set the "Show Parameter Settings in Synthesis Report" option in "Analysis and Synthesis Settings -> More Settings" to "Off".


+-------------------------------------------------------------------------------------------------------------+
; Parameter Settings for User Entity Instance: SystemInterface:sInterface|DepartureWorkflow:departureWorkflow ;
+----------------+-------+------------------------------------------------------------------------------------+
; Parameter Name ; Value ; Type                                                                               ;
+----------------+-------+------------------------------------------------------------------------------------+
; A              ; 0000  ; Unsigned Binary                                                                    ;
; B              ; 0001  ; Unsigned Binary                                                                    ;
; C              ; 0010  ; Unsigned Binary                                                                    ;
; D              ; 0011  ; Unsigned Binary                                                                    ;
; E              ; 0100  ; Unsigned Binary                                                                    ;
; F              ; 0101  ; Unsigned Binary                                                                    ;
; G              ; 0110  ; Unsigned Binary                                                                    ;
; H              ; 0111  ; Unsigned Binary                                                                    ;
; I              ; 1000  ; Unsigned Binary                                                                    ;
; J              ; 1001  ; Unsigned Binary                                                                    ;
+----------------+-------+------------------------------------------------------------------------------------+
Note: In order to hide this table in the UI and the text report file, please set the "Show Parameter Settings in Synthesis Report" option in "Analysis and Synthesis Settings -> More Settings" to "Off".


+---------------------------------------------------------------------------------------------------------------------------+
; Port Connectivity Checks: "con8to12:convertFiveToBCD"                                                                     ;
+-----------------+--------+----------+-------------------------------------------------------------------------------------+
; Port            ; Type   ; Severity ; Details                                                                             ;
+-----------------+--------+----------+-------------------------------------------------------------------------------------+
; numberin[7..6]  ; Input  ; Info     ; Stuck at GND                                                                        ;
; HEXwrite[11..8] ; Output ; Info     ; Connected to dangling logic. Logic that only feeds a dangling port will be removed. ;
; HEXwrite[3..0]  ; Output ; Info     ; Connected to dangling logic. Logic that only feeds a dangling port will be removed. ;
+-----------------+--------+----------+-------------------------------------------------------------------------------------+


+----------------------------------------------------------------------------------------------------------------------------------+
; Port Connectivity Checks: "clock_divider:cdiv"                                                                                   ;
+------------------------+--------+----------+-------------------------------------------------------------------------------------+
; Port                   ; Type   ; Severity ; Details                                                                             ;
+------------------------+--------+----------+-------------------------------------------------------------------------------------+
; divided_clocks[31..15] ; Output ; Info     ; Connected to dangling logic. Logic that only feeds a dangling port will be removed. ;
; divided_clocks[13..0]  ; Output ; Info     ; Connected to dangling logic. Logic that only feeds a dangling port will be removed. ;
+------------------------+--------+----------+-------------------------------------------------------------------------------------+


+-----------------------------------------------------+
; Post-Synthesis Netlist Statistics for Top Partition ;
+-----------------------+-----------------------------+
; Type                  ; Count                       ;
+-----------------------+-----------------------------+
; arriav_ff             ; 72                          ;
;     CLR               ; 39                          ;
;     CLR SCLR          ; 8                           ;
;     ENA CLR           ; 10                          ;
;     plain             ; 15                          ;
; arriav_lcell_comb     ; 201                         ;
;     arith             ; 44                          ;
;         1 data inputs ; 36                          ;
;         2 data inputs ; 8                           ;
;     extend            ; 4                           ;
;         7 data inputs ; 4                           ;
;     normal            ; 153                         ;
;         0 data inputs ; 2                           ;
;         1 data inputs ; 10                          ;
;         2 data inputs ; 11                          ;
;         3 data inputs ; 17                          ;
;         4 data inputs ; 43                          ;
;         5 data inputs ; 24                          ;
;         6 data inputs ; 46                          ;
; boundary_port         ; 67                          ;
;                       ;                             ;
; Max LUT depth         ; 5.00                        ;
; Average LUT depth     ; 2.99                        ;
+-----------------------+-----------------------------+


+-------------------------------+
; Elapsed Time Per Partition    ;
+----------------+--------------+
; Partition Name ; Elapsed Time ;
+----------------+--------------+
; Top            ; 00:00:02     ;
+----------------+--------------+


+-------------------------------+
; Analysis & Synthesis Messages ;
+-------------------------------+
Info: *******************************************************************
Info: Running Quartus II 64-Bit Analysis & Synthesis
    Info: Version 14.0.0 Build 200 06/17/2014 SJ Web Edition
    Info: Processing started: Fri Oct 27 14:20:19 2017
Info: Command: quartus_map --read_settings_files=on --write_settings_files=off DE1_SoC -c DE1_SoC
Info (11104): Parallel Compilation has detected 4 hyper-threaded processors. However, the extra hyper-threaded processors will not be used by default. Parallel Compilation will use 2 of the 2 physical processors detected instead.
Info (12021): Found 1 design units, including 1 entities, in source file fivecounter.v
    Info (12023): Found entity 1: FiveCounter
Info (12021): Found 1 design units, including 1 entities, in source file con8to12.v
    Info (12023): Found entity 1: con8to12
Info (12021): Found 1 design units, including 1 entities, in source file systeminterface.v
    Info (12023): Found entity 1: SystemInterface
Info (12021): Found 1 design units, including 1 entities, in source file sevencounter.v
    Info (12023): Found entity 1: SevenCounter
Info (12021): Found 1 design units, including 1 entities, in source file registersignal.v
    Info (12023): Found entity 1: RegisterSignal
Info (12021): Found 1 design units, including 1 entities, in source file pressure.v
    Info (12023): Found entity 1: Pressure
Info (12021): Found 1 design units, including 1 entities, in source file eightcounter.v
    Info (12023): Found entity 1: EightCounter
Info (12021): Found 1 design units, including 1 entities, in source file door.v
    Info (12023): Found entity 1: Door
Info (12021): Found 1 design units, including 1 entities, in source file arrivalworkflow.v
    Info (12023): Found entity 1: ArrivalWorkflow
Info (12021): Found 2 design units, including 2 entities, in source file de1_soc.v
    Info (12023): Found entity 1: DE1_SoC
    Info (12023): Found entity 2: clock_divider
Info (12021): Found 1 design units, including 1 entities, in source file sevenseg.v
    Info (12023): Found entity 1: SevenSeg
Info (12021): Found 1 design units, including 1 entities, in source file departureworkflow.v
    Info (12023): Found entity 1: DepartureWorkflow
Info (12021): Found 1 design units, including 1 entities, in source file minutecounter.v
    Info (12023): Found entity 1: MinuteCounter
Warning (10236): Verilog HDL Implicit Net warning at ArrivalWorkflow.v(13): created implicit net for "isLowPressure"
Warning (10236): Verilog HDL Implicit Net warning at ArrivalWorkflow.v(14): created implicit net for "isHighPressure"
Warning (10236): Verilog HDL Implicit Net warning at DepartureWorkflow.v(13): created implicit net for "isLowPressure"
Warning (10236): Verilog HDL Implicit Net warning at DepartureWorkflow.v(14): created implicit net for "isHighPressure"
Info (12127): Elaborating entity "DE1_SoC" for the top level hierarchy
Info (12128): Elaborating entity "clock_divider" for hierarchy "clock_divider:cdiv"
Info (12128): Elaborating entity "SystemInterface" for hierarchy "SystemInterface:sInterface"
Info (12128): Elaborating entity "Pressure" for hierarchy "SystemInterface:sInterface|Pressure:pressureTracker"
Info (12128): Elaborating entity "SevenCounter" for hierarchy "SystemInterface:sInterface|Pressure:pressureTracker|SevenCounter:seven"
Warning (10230): Verilog HDL assignment warning at SevenCounter.v(15): truncated value with size 32 to match size of target (7)
Info (12128): Elaborating entity "EightCounter" for hierarchy "SystemInterface:sInterface|Pressure:pressureTracker|EightCounter:eight"
Warning (10230): Verilog HDL assignment warning at EightCounter.v(15): truncated value with size 32 to match size of target (7)
Info (12128): Elaborating entity "Door" for hierarchy "SystemInterface:sInterface|Door:id"
Info (12128): Elaborating entity "RegisterSignal" for hierarchy "SystemInterface:sInterface|Door:id|RegisterSignal:register"
Info (12128): Elaborating entity "FiveCounter" for hierarchy "SystemInterface:sInterface|FiveCounter:fiveCounter"
Info (12128): Elaborating entity "MinuteCounter" for hierarchy "SystemInterface:sInterface|FiveCounter:fiveCounter|MinuteCounter:counter"
Info (12128): Elaborating entity "ArrivalWorkflow" for hierarchy "SystemInterface:sInterface|ArrivalWorkflow:arrivalWorkflow"
Info (12128): Elaborating entity "DepartureWorkflow" for hierarchy "SystemInterface:sInterface|DepartureWorkflow:departureWorkflow"
Info (12128): Elaborating entity "con8to12" for hierarchy "con8to12:convertToBCD"
Warning (10230): Verilog HDL assignment warning at con8to12.v(19): truncated value with size 32 to match size of target (4)
Warning (10230): Verilog HDL assignment warning at con8to12.v(22): truncated value with size 32 to match size of target (4)
Info (12128): Elaborating entity "SevenSeg" for hierarchy "SevenSeg:seg0"
Info (286030): Timing-Driven Synthesis is running
Info (17049): 17 registers lost all their fanouts during netlist optimizations.
Info (144001): Generated suppressed messages file C:/Users/pawns/Documents/University of Washington/CSE/CSE_371/EE371/Project2/QuartusInterlock/output_files/DE1_SoC.map.smsg
Info (16010): Generating hard_block partition "hard_block:auto_generated_inst"
    Info (16011): Adding 0 node(s), including 0 DDIO, 0 PLL, 0 transceiver and 0 LCELL
Info (21057): Implemented 260 device resources after synthesis - the final resource count might be different
    Info (21058): Implemented 15 input pins
    Info (21059): Implemented 52 output pins
    Info (21061): Implemented 193 logic cells
Info: Quartus II 64-Bit Analysis & Synthesis was successful. 0 errors, 8 warnings
    Info: Peak virtual memory: 634 megabytes
    Info: Processing ended: Fri Oct 27 14:20:28 2017
    Info: Elapsed time: 00:00:09
    Info: Total CPU time (on all processors): 00:00:07


+------------------------------------------+
; Analysis & Synthesis Suppressed Messages ;
+------------------------------------------+
The suppressed messages can be found in C:/Users/pawns/Documents/University of Washington/CSE/CSE_371/EE371/Project2/QuartusInterlock/output_files/DE1_SoC.map.smsg.


